<?xml version="1.0" encoding="UTF-8"?>
<!-- Generated by org.testng.reporters.JUnitReportReporter -->
<testsuite hostname="DESKTOP-0MS68JG" failures="0" tests="2" name="TCPackage_1.TC_1" time="31.356" errors="0" timestamp="2022-11-02T01:41:52 PKT" skipped="0">
  <testcase classname="TCPackage_1.TC_1" name="verifylogo" time="19.464"/>
  <system-out/>
  <testcase classname="TCPackage_1.TC_1" name="verifyTitle" time="11.892"/>
  <system-out/>
</testsuite> <!-- TCPackage_1.TC_1 -->
