<?xml version="1.0" encoding="UTF-8"?>
<!-- Generated by org.testng.reporters.JUnitReportReporter -->
<testsuite hostname="DESKTOP-0MS68JG" failures="0" tests="2" name="TCPackage_1.TC_1" time="27.801" errors="0" timestamp="2022-11-02T01:47:02 PKT" skipped="0">
  <testcase classname="TCPackage_1.TC_1" name="verifylogo" time="13.591"/>
  <system-out/>
  <testcase classname="TCPackage_1.TC_1" name="verifyTitle" time="14.210"/>
  <system-out/>
</testsuite> <!-- TCPackage_1.TC_1 -->
